!SESSION 2016-01-23 10:17:04.939 -----------------------------------------------
eclipse.buildId=unknown
java.version=1.7.0_91
java.vendor=Oracle Corporation
BootLoader constants: OS=linux, ARCH=x86_64, WS=gtk, NL=en_US
Command-line arguments:  -os linux -ws gtk -arch x86_64

!ENTRY org.eclipse.core.runtime 4 0 2016-01-23 10:17:05.560
!MESSAGE FrameworkEvent ERROR
!STACK 0
org.osgi.framework.BundleException: Could not resolve module: org.eclipse.core.runtime [1]
  Unresolved requirement: Require-Bundle: javax.annotation; bundle-version="1.1.0"; visibility:="reexport"; resolution:="optional"
  Unresolved requirement: Require-Bundle: javax.inject; bundle-version="1.0.0"; visibility:="reexport"; resolution:="optional"
  Unresolved requirement: Require-Bundle: org.eclipse.equinox.common; bundle-version="[3.6.100,4.0.0)"; visibility:="reexport"

	at org.eclipse.osgi.container.Module.start(Module.java:434)
	at org.eclipse.osgi.container.ModuleContainer$ContainerStartLevel.incStartLevel(ModuleContainer.java:1582)
	at org.eclipse.osgi.container.ModuleContainer$ContainerStartLevel.incStartLevel(ModuleContainer.java:1562)
	at org.eclipse.osgi.container.ModuleContainer$ContainerStartLevel.doContainerStartLevel(ModuleContainer.java:1533)
	at org.eclipse.osgi.container.ModuleContainer$ContainerStartLevel.dispatchEvent(ModuleContainer.java:1476)
	at org.eclipse.osgi.container.ModuleContainer$ContainerStartLevel.dispatchEvent(ModuleContainer.java:1)
	at org.eclipse.osgi.framework.eventmgr.EventManager.dispatchEvent(EventManager.java:230)
	at org.eclipse.osgi.framework.eventmgr.EventManager$EventThread.run(EventManager.java:340)

!ENTRY org.eclipse.osgi 4 0 2016-01-23 10:17:05.562
!MESSAGE Bundle initial@reference:file:plugins/org.eclipse.core.runtime_3.10.0.v20140318-2214.jar was not resolved.

!ENTRY org.eclipse.core.runtime 2 0 2016-01-23 10:17:05.565
!MESSAGE Could not resolve module: org.eclipse.core.runtime [1]
  Unresolved requirement: Require-Bundle: javax.annotation; bundle-version="1.1.0"; visibility:="reexport"; resolution:="optional"
  Unresolved requirement: Require-Bundle: javax.inject; bundle-version="1.0.0"; visibility:="reexport"; resolution:="optional"
  Unresolved requirement: Require-Bundle: org.eclipse.equinox.common; bundle-version="[3.6.100,4.0.0)"; visibility:="reexport"


!ENTRY org.eclipse.osgi 4 0 2016-01-23 10:17:05.566
!MESSAGE Application error
!STACK 1
java.lang.IllegalStateException: Unable to acquire application service. Ensure that the org.eclipse.core.runtime bundle is resolved and started (see config.ini).
	at org.eclipse.core.runtime.internal.adaptor.EclipseAppLauncher.start(EclipseAppLauncher.java:78)
	at org.eclipse.core.runtime.adaptor.EclipseStarter.run(EclipseStarter.java:380)
	at org.eclipse.core.runtime.adaptor.EclipseStarter.run(EclipseStarter.java:235)
	at sun.reflect.NativeMethodAccessorImpl.invoke0(Native Method)
	at sun.reflect.NativeMethodAccessorImpl.invoke(NativeMethodAccessorImpl.java:57)
	at sun.reflect.DelegatingMethodAccessorImpl.invoke(DelegatingMethodAccessorImpl.java:43)
	at java.lang.reflect.Method.invoke(Method.java:606)
	at org.eclipse.equinox.launcher.Main.invokeFramework(Main.java:648)
	at org.eclipse.equinox.launcher.Main.basicRun(Main.java:603)
	at org.eclipse.equinox.launcher.Main.run(Main.java:1465)
	at org.eclipse.equinox.launcher.Main.main(Main.java:1438)
